{"name": "Проверка что номер заказа попадает в блок в работе ", "status": "broken", "statusDetails": {"message": "selenium.common.exceptions.ElementClickInterceptedException: Message: Element <p class=\"AppHeader_header__linkText__3q_va ml-2\"> is not clickable at point (683,44) because another element <div class=\"Modal_modal_overlay__x2ZCr\"> obscures it\nStacktrace:\nRemoteError@chrome://remote/content/shared/RemoteError.sys.mjs:8:8\nWebDriverError@chrome://remote/content/shared/webdriver/Errors.sys.mjs:199:5\nElementClickInterceptedError@chrome://remote/content/shared/webdriver/Errors.sys.mjs:351:5\nwebdriverClickElement@chrome://remote/content/marionette/interaction.sys.mjs:175:11\ninteraction.clickElement@chrome://remote/content/marionette/interaction.sys.mjs:134:11\nclickElement@chrome://remote/content/marionette/actors/MarionetteCommandsChild.sys.mjs:327:29\nreceiveMessage@chrome://remote/content/marionette/actors/MarionetteCommandsChild.sys.mjs:210:31", "trace": "self = <tests.test_order_number.TestOrderFeedCounters object at 0x00000193EEEE9090>, driver = <selenium.webdriver.firefox.webdriver.WebDriver (session=\"0954b9d0-8ab0-480e-a4e6-e9513185c5a3\")>\n\n    @allure.title(\"Проверка что номер заказа попадает в блок в работе \")\n    @allure.description(\"После создания заказа заказ должен попасть в блок в работе\")\n    @pytest.mark.parametrize(\"driver\", [\n        {\"browser\": \"chrome\", \"start\": 2},\n        {\"browser\": \"firefox\", \"start\": 2}\n    ], indirect=True)\n    def test_order_today_counter_increment(self, driver):\n>       driver, _, _, order_number = HelpersFunctions.user_with_order_data(driver)\n                                     ^^^^^^^^^^^^^^^^^^^^^^^^^^^^^^^^^^^^^^^^^^^^^\n\ntests\\test_order_number.py:52: \n_ _ _ _ _ _ _ _ _ _ _ _ _ _ _ _ _ _ _ _ _ _ _ _ _ _ _ _ _ _ _ _ _ _ _ _ _ _ _ _ _ _ _ _ _ _ _ _ _ _ _ _ _ _ _ _ _ _ _ _ _ _ _ _ _ _ _ _ _ _ _ _ _ _ _ _ _ _ _ _ _ _ _ _ _ _ _ _ _ _ _ _ _ _ _ _ _ _ _ _ _ _ _ _ _ _ _ _ _ _ _ _ _ _\nhelpers.py:25: in user_with_order_data\n    main_page.click_on_order_feed()\npages\\main_page.py:10: in click_on_order_feed\n    return self.click_element(LocatorsGeneral.BUTTON_ORDER_FEED)\n           ^^^^^^^^^^^^^^^^^^^^^^^^^^^^^^^^^^^^^^^^^^^^^^^^^^^^^\npages\\base_page.py:18: in click_element\n    return self.find_element(locator).click()\n           ^^^^^^^^^^^^^^^^^^^^^^^^^^^^^^^^^^\n..\\..\\..\\AppData\\Local\\Programs\\Python\\Python313\\Lib\\site-packages\\selenium\\webdriver\\remote\\webelement.py:121: in click\n    self._execute(Command.CLICK_ELEMENT)\n..\\..\\..\\AppData\\Local\\Programs\\Python\\Python313\\Lib\\site-packages\\selenium\\webdriver\\remote\\webelement.py:574: in _execute\n    return self._parent.execute(command, params)\n           ^^^^^^^^^^^^^^^^^^^^^^^^^^^^^^^^^^^^^\n..\\..\\..\\AppData\\Local\\Programs\\Python\\Python313\\Lib\\site-packages\\selenium\\webdriver\\remote\\webdriver.py:447: in execute\n    self.error_handler.check_response(response)\n_ _ _ _ _ _ _ _ _ _ _ _ _ _ _ _ _ _ _ _ _ _ _ _ _ _ _ _ _ _ _ _ _ _ _ _ _ _ _ _ _ _ _ _ _ _ _ _ _ _ _ _ _ _ _ _ _ _ _ _ _ _ _ _ _ _ _ _ _ _ _ _ _ _ _ _ _ _ _ _ _ _ _ _ _ _ _ _ _ _ _ _ _ _ _ _ _ _ _ _ _ _ _ _ _ _ _ _ _ _ _ _ _ _\n\nself = <selenium.webdriver.remote.errorhandler.ErrorHandler object at 0x00000193EEF2D6D0>\nresponse = {'status': 400, 'value': '{\"value\":{\"error\":\"element click intercepted\",\"message\":\"Element <p class=\\\\\"AppHeader_heade...=\\\\\"AppHeader_header__linkText__3q_va ml-2\\\\\">\",\"overlayingElement\":\"<div class=\\\\\"Modal_modal_overlay__x2ZCr\\\\\">\"}}}'}\n\n    def check_response(self, response: Dict[str, Any]) -> None:\n        \"\"\"Checks that a JSON response from the WebDriver does not have an\n        error.\n    \n        :Args:\n         - response - The JSON response from the WebDriver server as a dictionary\n           object.\n    \n        :Raises: If the response contains an error message.\n        \"\"\"\n        status = response.get(\"status\", None)\n        if not status or status == ErrorCode.SUCCESS:\n            return\n        value = None\n        message = response.get(\"message\", \"\")\n        screen: str = response.get(\"screen\", \"\")\n        stacktrace = None\n        if isinstance(status, int):\n            value_json = response.get(\"value\", None)\n            if value_json and isinstance(value_json, str):\n                import json\n    \n                try:\n                    value = json.loads(value_json)\n                    if len(value) == 1:\n                        value = value[\"value\"]\n                    status = value.get(\"error\", None)\n                    if not status:\n                        status = value.get(\"status\", ErrorCode.UNKNOWN_ERROR)\n                        message = value.get(\"value\") or value.get(\"message\")\n                        if not isinstance(message, str):\n                            value = message\n                            message = message.get(\"message\")\n                    else:\n                        message = value.get(\"message\", None)\n                except ValueError:\n                    pass\n    \n        exception_class: Type[WebDriverException]\n        e = ErrorCode()\n        error_codes = [item for item in dir(e) if not item.startswith(\"__\")]\n        for error_code in error_codes:\n            error_info = getattr(ErrorCode, error_code)\n            if isinstance(error_info, list) and status in error_info:\n                exception_class = getattr(ExceptionMapping, error_code, WebDriverException)\n                break\n        else:\n            exception_class = WebDriverException\n    \n        if not value:\n            value = response[\"value\"]\n        if isinstance(value, str):\n            raise exception_class(value)\n        if message == \"\" and \"message\" in value:\n            message = value[\"message\"]\n    \n        screen = None  # type: ignore[assignment]\n        if \"screen\" in value:\n            screen = value[\"screen\"]\n    \n        stacktrace = None\n        st_value = value.get(\"stackTrace\") or value.get(\"stacktrace\")\n        if st_value:\n            if isinstance(st_value, str):\n                stacktrace = st_value.split(\"\\n\")\n            else:\n                stacktrace = []\n                try:\n                    for frame in st_value:\n                        line = frame.get(\"lineNumber\", \"\")\n                        file = frame.get(\"fileName\", \"<anonymous>\")\n                        if line:\n                            file = f\"{file}:{line}\"\n                        meth = frame.get(\"methodName\", \"<anonymous>\")\n                        if \"className\" in frame:\n                            meth = f\"{frame['className']}.{meth}\"\n                        msg = \"    at %s (%s)\"\n                        msg = msg % (meth, file)\n                        stacktrace.append(msg)\n                except TypeError:\n                    pass\n        if exception_class == UnexpectedAlertPresentException:\n            alert_text = None\n            if \"data\" in value:\n                alert_text = value[\"data\"].get(\"text\")\n            elif \"alert\" in value:\n                alert_text = value[\"alert\"].get(\"text\")\n            raise exception_class(message, screen, stacktrace, alert_text)  # type: ignore[call-arg]  # mypy is not smart enough here\n>       raise exception_class(message, screen, stacktrace)\nE       selenium.common.exceptions.ElementClickInterceptedException: Message: Element <p class=\"AppHeader_header__linkText__3q_va ml-2\"> is not clickable at point (683,44) because another element <div class=\"Modal_modal_overlay__x2ZCr\"> obscures it\nE       Stacktrace:\nE       RemoteError@chrome://remote/content/shared/RemoteError.sys.mjs:8:8\nE       WebDriverError@chrome://remote/content/shared/webdriver/Errors.sys.mjs:199:5\nE       ElementClickInterceptedError@chrome://remote/content/shared/webdriver/Errors.sys.mjs:351:5\nE       webdriverClickElement@chrome://remote/content/marionette/interaction.sys.mjs:175:11\nE       interaction.clickElement@chrome://remote/content/marionette/interaction.sys.mjs:134:11\nE       clickElement@chrome://remote/content/marionette/actors/MarionetteCommandsChild.sys.mjs:327:29\nE       receiveMessage@chrome://remote/content/marionette/actors/MarionetteCommandsChild.sys.mjs:210:31\n\n..\\..\\..\\AppData\\Local\\Programs\\Python\\Python313\\Lib\\site-packages\\selenium\\webdriver\\remote\\errorhandler.py:232: ElementClickInterceptedException"}, "description": "После создания заказа заказ должен попасть в блок в работе", "steps": [{"name": "Ввод email", "status": "passed", "steps": [{"name": "Ввод значения в элемент ('xpath', \".//div[@class='input pr-6 pl-6 input_type_text input_size_default']/*[text()='Email']/following-sibling::input\")", "status": "passed", "steps": [{"name": "Поиск элемента ('xpath', \".//div[@class='input pr-6 pl-6 input_type_text input_size_default']/*[text()='Email']/following-sibling::input\")", "status": "passed", "parameters": [{"name": "locator", "value": "('xpath', \".//div[@class='input pr-6 pl-6 input_type_text input_size_default']/*[text()='Email']/following-sibling::input\")"}], "start": 1753194628277, "stop": 1753194628289}], "parameters": [{"name": "locator", "value": "('xpath', \".//div[@class='input pr-6 pl-6 input_type_text input_size_default']/*[text()='Email']/following-sibling::input\")"}, {"name": "value", "value": "'Ivan_Hritankov_123@ya.ru'"}], "start": 1753194628277, "stop": 1753194628362}], "start": 1753194628277, "stop": 1753194628362}, {"name": "Ввод password", "status": "passed", "steps": [{"name": "Ввод значения в элемент ('xpath', \".//div[@class='input pr-6 pl-6 input_type_password input_size_default']/*[text()='Пароль']/following-sibling::input\")", "status": "passed", "steps": [{"name": "Поиск элемента ('xpath', \".//div[@class='input pr-6 pl-6 input_type_password input_size_default']/*[text()='Пароль']/following-sibling::input\")", "status": "passed", "parameters": [{"name": "locator", "value": "('xpath', \".//div[@class='input pr-6 pl-6 input_type_password input_size_default']/*[text()='Пароль']/following-sibling::input\")"}], "start": 1753194628362, "stop": 1753194628366}], "parameters": [{"name": "locator", "value": "('xpath', \".//div[@class='input pr-6 pl-6 input_type_password input_size_default']/*[text()='Пароль']/following-sibling::input\")"}, {"name": "value", "value": "'test123qweasdzxcvfr'"}], "start": 1753194628362, "stop": 1753194628392}], "start": 1753194628362, "stop": 1753194628392}, {"name": "Клик по кнопке войти", "status": "passed", "steps": [{"name": "Клик по элементу ('css selector', 'button.button_button__33qZ0.button_button_type_primary__1O7Bx.button_button_size_medium__3zxIa')", "status": "passed", "steps": [{"name": "Поиск элемента ('css selector', 'button.button_button__33qZ0.button_button_type_primary__1O7Bx.button_button_size_medium__3zxIa')", "status": "passed", "parameters": [{"name": "locator", "value": "('css selector', 'button.button_button__33qZ0.button_button_type_primary__1O7Bx.button_button_size_medium__3zxIa')"}], "start": 1753194628393, "stop": 1753194628394}], "parameters": [{"name": "locator", "value": "('css selector', 'button.button_button__33qZ0.button_button_type_primary__1O7Bx.button_button_size_medium__3zxIa')"}], "start": 1753194628392, "stop": 1753194628625}], "start": 1753194628392, "stop": 1753194628625}, {"name": "Ожидание, что кнопка 'Лента заказов' станет кликабельной", "status": "passed", "steps": [{"name": "Ожидание, что элемент ('xpath', \".//*[@class='AppHeader_header__linkText__3q_va ml-2' and text()='Лента Заказов']\") станет кликабельным", "status": "passed", "parameters": [{"name": "locator", "value": "('xpath', \".//*[@class='AppHeader_header__linkText__3q_va ml-2' and text()='Лента Заказов']\")"}, {"name": "timeout", "value": "5"}], "start": 1753194628625, "stop": 1753194628637}], "start": 1753194628625, "stop": 1753194628637}, {"name": "Клик по кнопке 'Лента заказов'", "status": "broken", "statusDetails": {"message": "selenium.common.exceptions.ElementClickInterceptedException: Message: Element <p class=\"AppHeader_header__linkText__3q_va ml-2\"> is not clickable at point (683,44) because another element <div class=\"Modal_modal_overlay__x2ZCr\"> obscures it\nStacktrace:\nRemoteError@chrome://remote/content/shared/RemoteError.sys.mjs:8:8\nWebDriverError@chrome://remote/content/shared/webdriver/Errors.sys.mjs:199:5\nElementClickInterceptedError@chrome://remote/content/shared/webdriver/Errors.sys.mjs:351:5\nwebdriverClickElement@chrome://remote/content/marionette/interaction.sys.mjs:175:11\ninteraction.clickElement@chrome://remote/content/marionette/interaction.sys.mjs:134:11\nclickElement@chrome://remote/content/marionette/actors/MarionetteCommandsChild.sys.mjs:327:29\nreceiveMessage@chrome://remote/content/marionette/actors/MarionetteCommandsChild.sys.mjs:210:31\n\n", "trace": "  File \"C:\\Users\\ikhri\\AppData\\Local\\Programs\\Python\\Python313\\Lib\\site-packages\\allure_commons\\_allure.py\", line 202, in impl\n    return func(*a, **kw)\n  File \"C:\\Users\\ikhri\\Documents\\GitHub\\Diplom_3\\pages\\main_page.py\", line 10, in click_on_order_feed\n    return self.click_element(LocatorsGeneral.BUTTON_ORDER_FEED)\n           ~~~~~~~~~~~~~~~~~~^^^^^^^^^^^^^^^^^^^^^^^^^^^^^^^^^^^\n  File \"C:\\Users\\ikhri\\AppData\\Local\\Programs\\Python\\Python313\\Lib\\site-packages\\allure_commons\\_allure.py\", line 202, in impl\n    return func(*a, **kw)\n  File \"C:\\Users\\ikhri\\Documents\\GitHub\\Diplom_3\\pages\\base_page.py\", line 18, in click_element\n    return self.find_element(locator).click()\n           ~~~~~~~~~~~~~~~~~~~~~~~~~~~~~~~~^^\n  File \"C:\\Users\\ikhri\\AppData\\Local\\Programs\\Python\\Python313\\Lib\\site-packages\\selenium\\webdriver\\remote\\webelement.py\", line 121, in click\n    self._execute(Command.CLICK_ELEMENT)\n    ~~~~~~~~~~~~~^^^^^^^^^^^^^^^^^^^^^^^\n  File \"C:\\Users\\ikhri\\AppData\\Local\\Programs\\Python\\Python313\\Lib\\site-packages\\selenium\\webdriver\\remote\\webelement.py\", line 574, in _execute\n    return self._parent.execute(command, params)\n           ~~~~~~~~~~~~~~~~~~~~^^^^^^^^^^^^^^^^^\n  File \"C:\\Users\\ikhri\\AppData\\Local\\Programs\\Python\\Python313\\Lib\\site-packages\\selenium\\webdriver\\remote\\webdriver.py\", line 447, in execute\n    self.error_handler.check_response(response)\n    ~~~~~~~~~~~~~~~~~~~~~~~~~~~~~~~~~^^^^^^^^^^\n  File \"C:\\Users\\ikhri\\AppData\\Local\\Programs\\Python\\Python313\\Lib\\site-packages\\selenium\\webdriver\\remote\\errorhandler.py\", line 232, in check_response\n    raise exception_class(message, screen, stacktrace)\n"}, "steps": [{"name": "Клик по элементу ('xpath', \".//*[@class='AppHeader_header__linkText__3q_va ml-2' and text()='Лента Заказов']\")", "status": "broken", "statusDetails": {"message": "selenium.common.exceptions.ElementClickInterceptedException: Message: Element <p class=\"AppHeader_header__linkText__3q_va ml-2\"> is not clickable at point (683,44) because another element <div class=\"Modal_modal_overlay__x2ZCr\"> obscures it\nStacktrace:\nRemoteError@chrome://remote/content/shared/RemoteError.sys.mjs:8:8\nWebDriverError@chrome://remote/content/shared/webdriver/Errors.sys.mjs:199:5\nElementClickInterceptedError@chrome://remote/content/shared/webdriver/Errors.sys.mjs:351:5\nwebdriverClickElement@chrome://remote/content/marionette/interaction.sys.mjs:175:11\ninteraction.clickElement@chrome://remote/content/marionette/interaction.sys.mjs:134:11\nclickElement@chrome://remote/content/marionette/actors/MarionetteCommandsChild.sys.mjs:327:29\nreceiveMessage@chrome://remote/content/marionette/actors/MarionetteCommandsChild.sys.mjs:210:31\n\n", "trace": "  File \"C:\\Users\\ikhri\\AppData\\Local\\Programs\\Python\\Python313\\Lib\\site-packages\\allure_commons\\_allure.py\", line 202, in impl\n    return func(*a, **kw)\n  File \"C:\\Users\\ikhri\\Documents\\GitHub\\Diplom_3\\pages\\base_page.py\", line 18, in click_element\n    return self.find_element(locator).click()\n           ~~~~~~~~~~~~~~~~~~~~~~~~~~~~~~~~^^\n  File \"C:\\Users\\ikhri\\AppData\\Local\\Programs\\Python\\Python313\\Lib\\site-packages\\selenium\\webdriver\\remote\\webelement.py\", line 121, in click\n    self._execute(Command.CLICK_ELEMENT)\n    ~~~~~~~~~~~~~^^^^^^^^^^^^^^^^^^^^^^^\n  File \"C:\\Users\\ikhri\\AppData\\Local\\Programs\\Python\\Python313\\Lib\\site-packages\\selenium\\webdriver\\remote\\webelement.py\", line 574, in _execute\n    return self._parent.execute(command, params)\n           ~~~~~~~~~~~~~~~~~~~~^^^^^^^^^^^^^^^^^\n  File \"C:\\Users\\ikhri\\AppData\\Local\\Programs\\Python\\Python313\\Lib\\site-packages\\selenium\\webdriver\\remote\\webdriver.py\", line 447, in execute\n    self.error_handler.check_response(response)\n    ~~~~~~~~~~~~~~~~~~~~~~~~~~~~~~~~~^^^^^^^^^^\n  File \"C:\\Users\\ikhri\\AppData\\Local\\Programs\\Python\\Python313\\Lib\\site-packages\\selenium\\webdriver\\remote\\errorhandler.py\", line 232, in check_response\n    raise exception_class(message, screen, stacktrace)\n"}, "steps": [{"name": "Поиск элемента ('xpath', \".//*[@class='AppHeader_header__linkText__3q_va ml-2' and text()='Лента Заказов']\")", "status": "passed", "parameters": [{"name": "locator", "value": "('xpath', \".//*[@class='AppHeader_header__linkText__3q_va ml-2' and text()='Лента Заказов']\")"}], "start": 1753194628638, "stop": 1753194628639}], "parameters": [{"name": "locator", "value": "('xpath', \".//*[@class='AppHeader_header__linkText__3q_va ml-2' and text()='Лента Заказов']\")"}], "start": 1753194628637, "stop": 1753194628642}], "start": 1753194628637, "stop": 1753194628644}], "parameters": [{"name": "driver", "value": "{'browser': 'firefox', 'start': 2}"}], "start": 1753194628277, "stop": 1753194628645, "uuid": "f6ac8628-eb90-490c-833b-37397bd1c576", "historyId": "db38dd1bd81ceb0554942a6bfab845b1", "testCaseId": "de05b2a3cfffd23b82a345c939354ad5", "fullName": "tests.test_order_number.TestOrderFeedCounters#test_order_today_counter_increment", "labels": [{"name": "parentSuite", "value": "tests"}, {"name": "suite", "value": "test_order_number"}, {"name": "subSuite", "value": "TestOrderFeedCounters"}, {"name": "host", "value": "DESKTOP-T2S04D8"}, {"name": "thread", "value": "14020-MainThread"}, {"name": "framework", "value": "pytest"}, {"name": "language", "value": "cpython3"}, {"name": "package", "value": "tests.test_order_number"}]}